* using log directory 'C:/Users/lenovo/Documents/Packages/Hozo/Hozo.Rcheck'
* using R version 4.2.1 (2022-06-23 ucrt)
* using platform: x86_64-w64-mingw32 (64-bit)
* using session charset: UTF-8
* using option '--as-cran'
* checking for file 'Hozo/DESCRIPTION' ... OK
* checking extension type ... Package
* this is package 'Hozo' version '0.1.0'
* package encoding: UTF-8
* checking CRAN incoming feasibility ... NOTE
Maintainer: 'Sepehr Khosravi <khosravisepehr@gmail.com>'

New submission

License components with restrictions and base license permitting such:
  MIT + file LICENSE
File 'LICENSE':
  YEAR: 2024
  COPYRIGHT HOLDER: Sepehr Khosravi
  
  Permission is hereby granted, free of charge, to any person obtaining a copy
  of this software and associated documentation files (the "Software"), to deal
  in the Software without restriction, including without limitation the rights
  to use, copy, modify, merge, publish, distribute, sublicense, and/or sell
  copies of the Software, and to permit persons to whom the Software is
  furnished to do so, subject to the following conditions:
  
  The above copyright notice and this permission notice shall be included in all
  copies or substantial portions of the Software.
  
  THE SOFTWARE IS PROVIDED "AS IS", WITHOUT WARRANTY OF ANY KIND, EXPRESS OR
  IMPLIED, INCLUDING BUT NOT LIMITED TO THE WARRANTIES OF MERCHANTABILITY,
  FITNESS FOR A PARTICULAR PURPOSE AND NONINFRINGEMENT. IN NO EVENT SHALL THE
  AUTHORS OR COPYRIGHT HOLDERS BE LIABLE FOR ANY CLAIM, DAMAGES OR OTHER
  LIABILITY, WHETHER IN AN ACTION OF CONTRACT, TORT OR OTHERWISE, ARISING FROM,
  OUT OF OR IN CONNECTION WITH THE SOFTWARE OR THE USE OR OTHER DEALINGS IN THE
  SOFTWARE.
* checking package namespace information ... OK
* checking package dependencies ... OK
* checking if this is a source package ... OK
* checking if there is a namespace ... OK
* checking for executable files ... OK
* checking for hidden files and directories ... OK
* checking for portable file names ... OK
* checking whether package 'Hozo' can be installed ... OK
* checking installed package size ... OK
* checking package directory ... OK
* checking for future file timestamps ... OK
* checking DESCRIPTION meta-information ... NOTE
Author field differs from that derived from Authors@R
  Author:    'Sepehr Khosravi'
  Authors@R: 'Sepehr Khosravi [aut, cre] (<https://orcid.org/0000-0002-5372-0787>)'

* checking top-level files ... NOTE
Non-standard files/directories found at top level:
  'Hozo.Rproj' 'LICENSE.md' 'examples'
* checking for left-over files ... OK
* checking index information ... OK
* checking package subdirectories ... OK
* checking R files for non-ASCII characters ... OK
* checking R files for syntax errors ... OK
* checking whether the package can be loaded ... OK
* checking whether the package can be loaded with stated dependencies ... OK
* checking whether the package can be unloaded cleanly ... OK
* checking whether the namespace can be loaded with stated dependencies ... OK
* checking whether the namespace can be unloaded cleanly ... OK
* checking loading without being on the library search path ... OK
* checking use of S3 registration ... OK
* checking dependencies in R code ... OK
* checking S3 generic/method consistency ... OK
* checking replacement functions ... OK
* checking foreign function calls ... OK
* checking R code for possible problems ... OK
* checking Rd files ... OK
* checking Rd metadata ... OK
* checking Rd line widths ... OK
* checking Rd cross-references ... OK
* checking for missing documentation entries ... OK
* checking for code/documentation mismatches ... OK
* checking Rd \usage sections ... OK
* checking Rd contents ... OK
* checking for unstated dependencies in examples ... OK
* checking examples ... OK
* checking PDF version of manual ... OK
* checking for non-standard things in the check directory ... OK
* checking for detritus in the temp directory ... NOTE
Found the following files/directories:
  'lastMiKTeXException'
* DONE
Status: 4 NOTEs
